<?xml version="1.0" encoding="UTF-8" standalone="no"?>
<!DOCTYPE log SYSTEM "logger.dtd">
<log>
<record>
  <date>2019-06-05T16:34:06</date>
  <millis>1559766846474</millis>
  <sequence>0</sequence>
  <logger>MTLM1234</logger>
  <level>INFO</level>
  <class>client.DEMSClient</class>
  <method>main</method>
  <thread>1</thread>
  <message>log start</message>
</record>
<record>
  <date>2019-06-05T16:34:28</date>
  <millis>1559766868473</millis>
  <sequence>1</sequence>
  <logger>MTLM1234</logger>
  <level>INFO</level>
  <class>client.DEMSClient</class>
  <method>managerOperate</method>
  <thread>1</thread>
  <message>add event : user: MTLM1234 event id: MTLE100519 event type: Seminars event capacity: 5</message>
</record>
<record>
  <date>2019-06-05T16:34:28</date>
  <millis>1559766868487</millis>
  <sequence>2</sequence>
  <logger>MTLM1234</logger>
  <level>INFO</level>
  <class>client.DEMSClient</class>
  <method>managerOperate</method>
  <thread>1</thread>
  <message>Successfully add an event. 
 Event ID: MTLE100519; Event type: Seminars; Booking capacity: 5</message>
</record>
</log>
