<?xml version="1.0" encoding="UTF-8" standalone="no"?>
<!DOCTYPE log SYSTEM "logger.dtd">
<log>
<record>
  <date>2019-06-05T16:33:47</date>
  <millis>1559766827380</millis>
  <sequence>0</sequence>
  <logger>MTL</logger>
  <level>INFO</level>
  <class>com.web.server.DEMSImpl</class>
  <method>&lt;init&gt;</method>
  <thread>1</thread>
  <message>log start</message>
</record>
<record>
  <date>2019-06-05T16:34:28</date>
  <millis>1559766868477</millis>
  <sequence>1</sequence>
  <logger>MTL</logger>
  <level>INFO</level>
  <class>com.web.server.DEMSImpl</class>
  <method>addEvent</method>
  <thread>21</thread>
  <message>request: add event</message>
</record>
<record>
  <date>2019-06-05T16:34:28</date>
  <millis>1559766868478</millis>
  <sequence>2</sequence>
  <logger>MTL</logger>
  <level>INFO</level>
  <class>com.web.server.DEMSImpl</class>
  <method>addEvent</method>
  <thread>21</thread>
  <message>manager id: MTLM1234 event id: MTLE100519 event type: Seminars capacity: 5</message>
</record>
<record>
  <date>2019-06-05T16:34:28</date>
  <millis>1559766868482</millis>
  <sequence>3</sequence>
  <logger>MTL</logger>
  <level>INFO</level>
  <class>com.web.server.DEMSImpl</class>
  <method>addEvent</method>
  <thread>21</thread>
  <message>New event added.</message>
</record>
七月 16, 2019 8:04:55 下午 com.web.service.impl.DEMSImplWeb <init>
信息: log start

七月 16, 2019 8:10:31 下午 com.web.service.impl.DEMSImplWeb <init>
信息: log start

七月 16, 2019 9:53:00 下午 com.web.service.impl.DEMSImplWeb <init>
信息: log start

七月 16, 2019 9:55:19 下午 com.web.service.impl.DEMSImplWeb <init>
信息: log start

七月 16, 2019 9:57:31 下午 com.web.service.impl.DEMSImplWeb <init>
信息: log start

七月 16, 2019 10:26:45 下午 com.web.service.impl.DEMSImplWeb <init>
信息: log start

七月 16, 2019 10:27:21 下午 com.web.service.impl.DEMSImplWeb addEvent
信息: request: add event

七月 16, 2019 10:27:21 下午 com.web.service.impl.DEMSImplWeb addEvent
信息: manager id: MTLM1234 event id: MTLE100519 event type: Seminars capacity: 3

七月 16, 2019 10:27:21 下午 com.web.service.impl.DEMSImplWeb addEvent
信息: New event added.

七月 16, 2019 10:28:16 下午 com.web.service.impl.DEMSImplWeb addEvent
信息: request: add event

七月 16, 2019 10:28:16 下午 com.web.service.impl.DEMSImplWeb addEvent
信息: manager id: MTLM1234 event id: MTLE100519 event type: Seminars capacity: 2

七月 16, 2019 10:28:16 下午 com.web.service.impl.DEMSImplWeb addEvent
信息: Updated. Event exists, no new event added. Event capacity updated.

七月 16, 2019 10:33:06 下午 com.web.service.impl.DEMSImplWeb <init>
信息: log start

七月 16, 2019 10:33:37 下午 com.web.service.impl.DEMSImplWeb addEvent
信息: request: add event

七月 16, 2019 10:33:37 下午 com.web.service.impl.DEMSImplWeb addEvent
信息: manager id: MTLM1234 event id: MTLE100519 event type: Seminars capacity: 2

七月 16, 2019 10:33:37 下午 com.web.service.impl.DEMSImplWeb addEvent
信息: New event added.

七月 16, 2019 10:35:36 下午 com.web.service.impl.DEMSImplWeb addEvent
信息: request: add event

七月 16, 2019 10:35:36 下午 com.web.service.impl.DEMSImplWeb addEvent
信息: manager id: MTLM1234 event id: MTLE100519 event type: Seminars capacity: 2

七月 16, 2019 10:35:36 下午 com.web.service.impl.DEMSImplWeb addEvent
信息: Updated. Event exists, no new event added. Event capacity updated.

七月 16, 2019 10:38:55 下午 com.web.service.impl.DEMSImplWeb <init>
信息: log start

七月 16, 2019 10:39:18 下午 com.web.service.impl.DEMSImplWeb addEvent
信息: request: add event

七月 16, 2019 10:39:18 下午 com.web.service.impl.DEMSImplWeb addEvent
信息: manager id: MTLM1234 event id: MTLE100519 event type: Seminars capacity: 2

七月 16, 2019 10:39:18 下午 com.web.service.impl.DEMSImplWeb addEvent
信息: New event added.

七月 17, 2019 10:43:07 上午 com.web.service.impl.DEMSImplWeb <init>
信息: log start

七月 17, 2019 10:43:36 上午 com.web.service.impl.DEMSImplWeb addEvent
信息: request: add event

七月 17, 2019 10:43:36 上午 com.web.service.impl.DEMSImplWeb addEvent
信息: manager id: MTLM1234 event id: MTLE100519 event type: Seminars capacity: 2

七月 17, 2019 10:43:36 上午 com.web.service.impl.DEMSImplWeb addEvent
信息: New event added.

